<?xml version="1.0" encoding="UTF-8"?>
<!-- Generated by org.testng.reporters.JUnitReportReporter -->
<testsuite hostname="TRANTOR6" name="DataDriver.ReadDataTest" tests="1" failures="0" timestamp="20 Apr 2015 12:23:20 GMT" time="6.639" errors="0">
  <testcase name="GmailLoginPage" time="6.639" classname="DataDriver.ReadDataTest"/>
</testsuite> <!-- DataDriver.ReadDataTest -->
